Invalid Date[ httpLog ]{"method":"GET","url":"/","data":{},"startTime":"2021-07-31 23:07:31","endTime":"2021-07-31 23:07:31","timeLength":6}
Invalid Date[ httpLog ]{"method":"GET","url":"/usr","data":{},"startTime":"2021-07-31 23:08:12","endTime":"2021-07-31 23:08:12","timeLength":0}
Invalid Date[ httpLog ]{"method":"GET","url":"/user","data":{},"startTime":"2021-07-31 23:08:17","endTime":"2021-07-31 23:08:17","timeLength":14}
Invalid Date[ httpLog ]{"method":"POST","url":"/login","data":{"name":"admin","pwd":"admin"},"startTime":"2021-07-31 23:08:19","endTime":"2021-07-31 23:08:19","timeLength":1}
Invalid Date[ httpLog ]{"method":"GET","url":"/user","data":{},"startTime":"2021-07-31 23:08:19","endTime":"2021-07-31 23:08:19","timeLength":18}
Invalid Date[ httpLog ]{"method":"GET","url":"/user","data":{},"startTime":"2021-07-31 23:08:32","endTime":"2021-07-31 23:08:32","timeLength":3}
Invalid Date[ httpLog ]{"method":"GET","url":"/user","data":{},"startTime":"2021-07-31 23:11:21","endTime":"2021-07-31 23:11:21","timeLength":20}
Invalid Date[ httpLog ]{"method":"GET","url":"/user","data":{},"startTime":"2021-07-31 23:11:35","endTime":"2021-07-31 23:11:35","timeLength":7}
Invalid Date[ httpLog ]{"method":"GET","url":"/newapplication","data":{},"startTime":"2021-08-01 10:33:38","endTime":"2021-08-01 10:33:38","timeLength":7}
Invalid Date[ httpLog ]{"method":"GET","url":"/newapplication","data":{},"startTime":"2021-08-01 10:33:56","endTime":"2021-08-01 10:33:56","timeLength":2}
Invalid Date[ httpLog ]{"method":"GET","url":"/newapplication","data":{},"startTime":"2021-08-01 10:34:41","endTime":"2021-08-01 10:34:41","timeLength":5}
Invalid Date[ httpLog ]{"method":"GET","url":"/newapplication","data":{},"startTime":"2021-08-01 10:36:05","endTime":"2021-08-01 10:36:05","timeLength":6}
Invalid Date[ httpLog ]{"method":"GET","url":"/newapplication","data":{},"startTime":"2021-08-01 10:39:22","endTime":"2021-08-01 10:39:22","timeLength":7}
Invalid Date[ httpLog ]{"method":"GET","url":"/newContext","data":{},"startTime":"2021-08-01 10:43:39","endTime":"2021-08-01 10:43:39","timeLength":4}
Invalid Date[ httpLog ]{"method":"GET","url":"/newContext","data":{},"startTime":"2021-08-01 10:58:06","endTime":"2021-08-01 10:58:06","timeLength":6}
Invalid Date[ httpLog ]{"method":"GET","url":"/newContext","data":{},"startTime":"2021-08-01 11:04:06","endTime":"2021-08-01 11:04:06","timeLength":5}
Invalid Date[ httpLog ]{"method":"GET","url":"/newContext?id=100","data":{},"startTime":"2021-08-01 11:04:23","endTime":"2021-08-01 11:04:23","timeLength":2}
Invalid Date[ httpLog ]{"method":"POST","url":"/newRequset","data":{"name":"hjl","pwd":1234},"startTime":"2021-08-01 11:28:38","endTime":"2021-08-01 11:28:38","timeLength":3}
Invalid Date[ httpLog ]{"method":"POST","url":"/newRequset","data":{"name":"hjl","pwd":1234},"startTime":"2021-08-01 11:28:50","endTime":"2021-08-01 11:28:50","timeLength":1}
Invalid Date[ httpLog ]{"method":"POST","url":"/newRequset","data":{"name":"hjl","pwd":1234},"startTime":"2021-08-01 11:28:53","endTime":"2021-08-01 11:28:53","timeLength":0}
Invalid Date[ httpLog ]{"method":"GET","url":"/newRequset","data":{"name":"hjl","pwd":1234},"startTime":"2021-08-01 11:28:57","endTime":"2021-08-01 11:28:57","timeLength":4}
Invalid Date[ httpLog ]{"method":"GET","url":"/newRequset","data":{"name":"hjl","pwd":1234},"startTime":"2021-08-01 11:29:20","endTime":"2021-08-01 11:29:20","timeLength":3}
Invalid Date[ httpLog ]{"method":"GET","url":"/newRequset","data":{"name":"hjl","pwd":1234},"startTime":"2021-08-01 11:29:26","endTime":"2021-08-01 11:29:26","timeLength":0}
Invalid Date[ httpLog ]{"method":"GET","url":"/newRequset","data":{"name":"hjl","pwd":1234},"startTime":"2021-08-01 11:29:46","endTime":"2021-08-01 11:29:46","timeLength":1}
Invalid Date[ httpLog ]{"method":"GET","url":"/newRequset","data":{},"startTime":"2021-08-01 11:30:22","endTime":"2021-08-01 11:30:22","timeLength":3}
Invalid Date[ httpLog ]{"method":"GET","url":"/newRequset","data":{},"startTime":"2021-08-01 11:30:33","endTime":"2021-08-01 11:30:33","timeLength":0}
Invalid Date[ httpLog ]{"method":"GET","url":"/newContext?id=100","data":{},"startTime":"2021-08-01 11:30:40","endTime":"2021-08-01 11:30:40","timeLength":2}
Invalid Date[ httpLog ]{"method":"GET","url":"/newRequset","data":{},"startTime":"2021-08-01 11:30:47","endTime":"2021-08-01 11:30:47","timeLength":0}
Invalid Date[ httpLog ]{"method":"GET","url":"/newContext?id=100","data":{},"startTime":"2021-08-01 11:30:49","endTime":"2021-08-01 11:30:49","timeLength":0}
Invalid Date[ httpLog ]{"method":"GET","url":"/newRequset","data":{},"startTime":"2021-08-01 11:30:56","endTime":"2021-08-01 11:30:56","timeLength":1}
Invalid Date[ httpLog ]{"method":"GET","url":"/newRequset","data":{},"startTime":"2021-08-01 11:31:09","endTime":"2021-08-01 11:31:09","timeLength":3}
Invalid Date[ httpLog ]{"method":"GET","url":"/newRequest","data":{},"startTime":"2021-08-01 11:31:37","endTime":"2021-08-01 11:31:37","timeLength":2}
Invalid Date[ httpLog ]{"method":"GET","url":"/","data":{},"startTime":"2021-08-01 11:31:49","endTime":"2021-08-01 11:31:49","timeLength":2}
Invalid Date[ httpLog ]{"method":"GET","url":"/newRequset","data":{},"startTime":"2021-08-01 11:31:57","endTime":"2021-08-01 11:31:57","timeLength":0}
Invalid Date[ httpLog ]{"method":"GET","url":"/newRequset","data":{},"startTime":"2021-08-01 11:32:09","endTime":"2021-08-01 11:32:09","timeLength":3}
Invalid Date[ httpLog ]{"method":"GET","url":"/newRequset","data":{},"startTime":"2021-08-01 11:32:10","endTime":"2021-08-01 11:32:10","timeLength":0}
Invalid Date[ httpLog ]{"method":"GET","url":"/newRequset","data":{},"startTime":"2021-08-01 11:32:12","endTime":"2021-08-01 11:32:12","timeLength":0}
Invalid Date[ httpLog ]{"method":"GET","url":"/newRequset","data":{},"startTime":"2021-08-01 11:32:13","endTime":"2021-08-01 11:32:13","timeLength":0}
Invalid Date[ httpLog ]{"method":"GET","url":"/newRequset","data":{},"startTime":"2021-08-01 11:32:20","endTime":"2021-08-01 11:32:20","timeLength":3}
Invalid Date[ httpLog ]{"method":"GET","url":"/newRequset","data":{},"startTime":"2021-08-01 11:32:22","endTime":"2021-08-01 11:32:22","timeLength":1}
Invalid Date[ httpLog ]{"method":"GET","url":"/newRequset","data":{},"startTime":"2021-08-01 11:32:22","endTime":"2021-08-01 11:32:22","timeLength":0}
Invalid Date[ httpLog ]{"method":"GET","url":"/newRequset","data":{},"startTime":"2021-08-01 11:32:27","endTime":"2021-08-01 11:32:27","timeLength":1}
Invalid Date[ httpLog ]{"method":"GET","url":"/newRequset","data":{},"startTime":"2021-08-01 11:32:50","endTime":"2021-08-01 11:32:50","timeLength":2}
Invalid Date[ httpLog ]{"method":"GET","url":"/newRequset","data":{"name":"hjl","pwd":1234},"startTime":"2021-08-01 11:32:54","endTime":"2021-08-01 11:32:54","timeLength":0}
Invalid Date[ httpLog ]{"method":"GET","url":"/newRequset","data":{},"startTime":"2021-08-01 11:33:18","endTime":"2021-08-01 11:33:18","timeLength":2}
Invalid Date[ httpLog ]{"method":"GET","url":"/newRequset","data":{"name":"hjl","pwd":1234},"startTime":"2021-08-01 11:33:39","endTime":"2021-08-01 11:33:39","timeLength":2}
Invalid Date[ httpLog ]{"method":"GET","url":"/newRequset","data":{"name":"hjl","pwd":1234},"startTime":"2021-08-01 11:34:01","endTime":"2021-08-01 11:34:01","timeLength":3}
Invalid Date[ httpLog ]{"method":"GET","url":"/newRequset","data":{},"startTime":"2021-08-01 11:34:14","endTime":"2021-08-01 11:34:14","timeLength":14}
Invalid Date[ httpLog ]{"method":"GET","url":"/newRequset","data":{},"startTime":"2021-08-01 11:36:34","endTime":"2021-08-01 11:36:34","timeLength":5}
Invalid Date[ httpLog ]{"method":"GET","url":"/newRequset","data":{"name":"hjl","pwd":1234},"startTime":"2021-08-01 11:36:53","endTime":"2021-08-01 11:36:53","timeLength":5}
Invalid Date[ httpLog ]{"method":"GET","url":"/newRequset","data":{},"startTime":"2021-08-01 11:36:56","endTime":"2021-08-01 11:36:56","timeLength":0}
Invalid Date[ httpLog ]{"method":"GET","url":"/newRequset","data":{},"startTime":"2021-08-01 11:37:03","endTime":"2021-08-01 11:37:03","timeLength":0}
Invalid Date[ httpLog ]{"method":"GET","url":"/newRequset","data":{},"startTime":"2021-08-01 11:37:08","endTime":"2021-08-01 11:37:08","timeLength":1}
Invalid Date[ httpLog ]{"method":"GET","url":"/newRequset?token=1111","data":{},"startTime":"2021-08-01 11:38:43","endTime":"2021-08-01 11:38:43","timeLength":0}
Invalid Date[ httpLog ]{"method":"GET","url":"/newRequset?token=1111","data":{},"startTime":"2021-08-01 11:39:06","endTime":"2021-08-01 11:39:06","timeLength":2}
Invalid Date[ httpLog ]{"method":"GET","url":"/newRequset?token=1111","data":{},"startTime":"2021-08-01 11:39:36","endTime":"2021-08-01 11:39:36","timeLength":1}
Invalid Date[ httpLog ]{"method":"GET","url":"/newRequset?token=1111","data":{},"startTime":"2021-08-01 11:39:47","endTime":"2021-08-01 11:39:47","timeLength":3}
Invalid Date[ httpLog ]{"method":"GET","url":"/login","data":{},"startTime":"2021-08-01 11:40:03","endTime":"2021-08-01 11:40:03","timeLength":0}
Invalid Date[ httpLog ]{"method":"GET","url":"/","data":{},"startTime":"2021-08-01 11:40:07","endTime":"2021-08-01 11:40:07","timeLength":1}
Invalid Date[ httpLog ]{"method":"GET","url":"/logon","data":{},"startTime":"2021-08-01 11:40:12","endTime":"2021-08-01 11:40:12","timeLength":0}
Invalid Date[ httpLog ]{"method":"GET","url":"/login","data":{},"startTime":"2021-08-01 11:40:15","endTime":"2021-08-01 11:40:15","timeLength":0}
Invalid Date[ httpLog ]{"method":"GET","url":"/login","data":{},"startTime":"2021-08-01 11:40:31","endTime":"2021-08-01 11:40:31","timeLength":0}
Invalid Date[ httpLog ]{"method":"GET","url":"/uset","data":{},"startTime":"2021-08-01 11:40:56","endTime":"2021-08-01 11:40:56","timeLength":0}
Invalid Date[ httpLog ]{"method":"GET","url":"/user","data":{},"startTime":"2021-08-01 11:40:58","endTime":"2021-08-01 11:40:58","timeLength":40}
Invalid Date[ httpLog ]{"method":"POST","url":"/login","data":{"name":"admin","pwd":"admin"},"startTime":"2021-08-01 11:41:00","endTime":"2021-08-01 11:41:00","timeLength":0}
Invalid Date[ httpLog ]{"method":"GET","url":"/user","data":{},"startTime":"2021-08-01 11:41:00","endTime":"2021-08-01 11:41:00","timeLength":7}
Invalid Date[ httpLog ]{"method":"GET","url":"/newRequset","data":{},"startTime":"2021-08-01 11:41:33","endTime":"2021-08-01 11:41:33","timeLength":0}
Invalid Date[ httpLog ]{"method":"GET","url":"/newRequset","data":{},"startTime":"2021-08-01 11:41:38","endTime":"2021-08-01 11:41:38","timeLength":0}
Invalid Date[ httpLog ]{"method":"GET","url":"/newRequset","data":{},"startTime":"2021-08-01 11:41:44","endTime":"2021-08-01 11:41:44","timeLength":1}
Invalid Date[ httpLog ]{"method":"GET","url":"/newRequset","data":{},"startTime":"2021-08-01 11:41:57","endTime":"2021-08-01 11:41:57","timeLength":0}
Invalid Date[ httpLog ]{"method":"GET","url":"/newRequset","data":{},"startTime":"2021-08-01 11:42:00","endTime":"2021-08-01 11:42:00","timeLength":0}
Invalid Date[ httpLog ]{"method":"GET","url":"/newRequset","data":{},"startTime":"2021-08-01 11:42:24","endTime":"2021-08-01 11:42:24","timeLength":3}
Invalid Date[ httpLog ]{"method":"GET","url":"/newRequset","data":{},"startTime":"2021-08-01 11:42:28","endTime":"2021-08-01 11:42:28","timeLength":0}
Invalid Date[ httpLog ]{"method":"GET","url":"/","data":{},"startTime":"2021-08-01 11:42:32","endTime":"2021-08-01 11:42:32","timeLength":1}
Invalid Date[ httpLog ]{"method":"GET","url":"/newRequset","data":{},"startTime":"2021-08-01 11:42:37","endTime":"2021-08-01 11:42:37","timeLength":1}
Invalid Date[ httpLog ]{"method":"GET","url":"/","data":{},"startTime":"2021-08-01 11:43:46","endTime":"2021-08-01 11:43:46","timeLength":5}
Invalid Date[ httpLog ]{"method":"GET","url":"/newRequset","data":{},"startTime":"2021-08-01 11:43:52","endTime":"2021-08-01 11:43:52","timeLength":0}
Invalid Date[ httpLog ]{"method":"GET","url":"/newRequset?token=1111","data":{},"startTime":"2021-08-01 11:43:57","endTime":"2021-08-01 11:43:57","timeLength":0}
Invalid Date[ httpLog ]{"method":"GET","url":"/newRequset","data":{},"startTime":"2021-08-01 11:44:03","endTime":"2021-08-01 11:44:03","timeLength":0}
Invalid Date[ httpLog ]{"method":"GET","url":"/user","data":{},"startTime":"2021-08-01 11:44:09","endTime":"2021-08-01 11:44:09","timeLength":19}
Invalid Date[ httpLog ]{"method":"GET","url":"/newContext","data":{},"startTime":"2021-08-01 11:44:18","endTime":"2021-08-01 11:44:18","timeLength":0}
Invalid Date[ httpLog ]{"method":"GET","url":"/newRequset","data":{},"startTime":"2021-08-01 11:44:23","endTime":"2021-08-01 11:44:23","timeLength":0}
Invalid Date[ httpLog ]{"method":"GET","url":"/newRequset","data":{},"startTime":"2021-08-01 11:44:43","endTime":"2021-08-01 11:44:43","timeLength":4}
Invalid Date[ httpLog ]{"method":"GET","url":"/newRequset","data":{},"startTime":"2021-08-01 11:45:00","endTime":"2021-08-01 11:45:00","timeLength":9}
Invalid Date[ httpLog ]{"method":"GET","url":"/newRequset","data":{},"startTime":"2021-08-01 11:45:24","endTime":"2021-08-01 11:45:24","timeLength":8}
Invalid Date[ httpLog ]{"method":"GET","url":"/newRequset?token=1111","data":{},"startTime":"2021-08-01 11:46:13","endTime":"2021-08-01 11:46:13","timeLength":0}
Invalid Date[ httpLog ]{"method":"GET","url":"/newRequset","data":{},"startTime":"2021-08-01 11:46:59","endTime":"2021-08-01 11:46:59","timeLength":3}
Invalid Date[ httpLog ]{"method":"GET","url":"/newRequset?token=1111","data":{},"startTime":"2021-08-01 11:47:09","endTime":"2021-08-01 11:47:09","timeLength":3}
Invalid Date[ httpLog ]{"method":"GET","url":"/newRequset?token=1111","data":{},"startTime":"2021-08-01 11:47:27","endTime":"2021-08-01 11:47:27","timeLength":3}
Invalid Date[ httpLog ]{"method":"GET","url":"/newRequset?token=1111","data":{},"startTime":"2021-08-01 11:47:46","endTime":"2021-08-01 11:47:46","timeLength":2}
Invalid Date[ httpLog ]{"method":"GET","url":"/newRequset","data":{},"startTime":"2021-08-01 11:48:10","endTime":"2021-08-01 11:48:10","timeLength":4}
Invalid Date[ httpLog ]{"method":"GET","url":"/newRequset","data":{},"startTime":"2021-08-01 11:48:12","endTime":"2021-08-01 11:48:12","timeLength":1}
Invalid Date[ httpLog ]{"method":"GET","url":"/newRequset","data":{},"startTime":"2021-08-01 11:48:32","endTime":"2021-08-01 11:48:32","timeLength":5}
Invalid Date[ httpLog ]{"method":"GET","url":"/newRequset","data":{},"startTime":"2021-08-01 11:48:48","endTime":"2021-08-01 11:48:48","timeLength":5}
Invalid Date[ httpLog ]{"method":"GET","url":"/newRequset","data":{},"startTime":"2021-08-01 11:48:57","endTime":"2021-08-01 11:48:57","timeLength":5}
Invalid Date[ httpLog ]{"method":"GET","url":"/newRequset","data":{},"startTime":"2021-08-01 11:49:17","endTime":"2021-08-01 11:49:17","timeLength":5}
Invalid Date[ httpLog ]{"method":"GET","url":"/newRequset","data":{},"startTime":"2021-08-01 11:49:19","endTime":"2021-08-01 11:49:19","timeLength":1}
Invalid Date[ httpLog ]{"method":"GET","url":"/newRequset","data":{},"startTime":"2021-08-01 11:50:10","endTime":"2021-08-01 11:50:10","timeLength":5}
Invalid Date[ httpLog ]{"method":"GET","url":"/newRequset","data":{},"startTime":"2021-08-01 11:50:25","endTime":"2021-08-01 11:50:25","timeLength":4}
Invalid Date[ httpLog ]{"method":"GET","url":"/newRequset","data":{},"startTime":"2021-08-01 11:51:08","endTime":"2021-08-01 11:51:08","timeLength":6}
Invalid Date[ httpLog ]{"method":"GET","url":"/newRequset?token=1111","data":{},"startTime":"2021-08-01 11:51:18","endTime":"2021-08-01 11:51:18","timeLength":3}
Invalid Date[ httpLog ]{"method":"GET","url":"/newRequset","data":{},"startTime":"2021-08-01 11:57:23","endTime":"2021-08-01 11:57:23","timeLength":5}
Invalid Date[ httpLog ]{"method":"GET","url":"/newRequset","data":{},"startTime":"2021-08-01 11:58:11","endTime":"2021-08-01 11:58:11","timeLength":6}
Invalid Date[ httpLog ]{"method":"GET","url":"/newResponse","data":{},"startTime":"2021-08-01 11:58:52","endTime":"2021-08-01 11:58:52","timeLength":1}
Invalid Date[ httpLog ]{"method":"GET","url":"/newResponse","data":{},"startTime":"2021-08-01 12:03:28","endTime":"2021-08-01 12:03:28","timeLength":4}
Invalid Date[ httpLog ]{"method":"GET","url":"/login","data":{},"startTime":"2021-08-01 17:29:16","endTime":"2021-08-01 17:29:16","timeLength":2}
Invalid Date[ httpLog ]{"method":"GET","url":"/login","data":{},"startTime":"2021-08-01 17:29:31","endTime":"2021-08-01 17:29:31","timeLength":0}
Invalid Date[ httpLog ]{"method":"GET","url":"/user","data":{},"startTime":"2021-08-01 17:31:26","endTime":"2021-08-01 17:31:26","timeLength":17}
Invalid Date[ httpLog ]{"method":"POST","url":"/login","data":{"name":"admin","pwd":"admin"},"startTime":"2021-08-01 17:31:27","endTime":"2021-08-01 17:31:27","timeLength":1}
Invalid Date[ httpLog ]{"method":"GET","url":"/user","data":{},"startTime":"2021-08-01 17:31:27","endTime":"2021-08-01 17:31:27","timeLength":5}
Invalid Date[ httpLog ]{"method":"GET","url":"/home","data":{},"startTime":"2021-08-01 17:31:32","endTime":"2021-08-01 17:31:32","timeLength":0}
Invalid Date[ httpLog ]{"method":"GET","url":"/","data":{},"startTime":"2021-08-01 17:31:37","endTime":"2021-08-01 17:31:37","timeLength":0}
Invalid Date[ httpLog ]{"method":"GET","url":"/login","data":{},"startTime":"2021-08-02 23:46:26","endTime":"2021-08-02 23:46:26","timeLength":11}
Invalid Date[ httpLog ]{"method":"GET","url":"/user","data":{},"startTime":"2021-08-02 23:46:33","endTime":"2021-08-02 23:46:33","timeLength":25}
Invalid Date[ httpLog ]{"method":"POST","url":"/login","data":{"name":"admin","pwd":"admin"},"startTime":"2021-08-02 23:46:36","endTime":"2021-08-02 23:46:36","timeLength":1}
Invalid Date[ httpLog ]{"method":"GET","url":"/user","data":{},"startTime":"2021-08-02 23:46:36","endTime":"2021-08-02 23:46:36","timeLength":4}
Invalid Date[ httpLog ]{"method":"GET","url":"/","data":{},"startTime":"2021-08-02 23:46:40","endTime":"2021-08-02 23:46:40","timeLength":1}
Invalid Date[ httpLog ]{"method":"GET","url":"/user","data":{},"startTime":"2021-08-02 23:49:59","endTime":"2021-08-02 23:49:59","timeLength":15}
Invalid Date[ httpLog ]{"method":"POST","url":"/login","data":{"name":"admin","pwd":"admin"},"startTime":"2021-08-02 23:50:00","endTime":"2021-08-02 23:50:00","timeLength":1}
Invalid Date[ httpLog ]{"method":"GET","url":"/user","data":{},"startTime":"2021-08-02 23:50:00","endTime":"2021-08-02 23:50:00","timeLength":4}
Invalid Date[ httpLog ]{"method":"GET","url":"/user/lists","data":{},"startTime":"2021-08-02 23:50:04","endTime":"2021-08-02 23:50:05","timeLength":1505}
Invalid Date[ httpLog ]{"method":"GET","url":"/user","data":{},"startTime":"2021-08-02 23:55:06","endTime":"2021-08-02 23:55:06","timeLength":25}
Invalid Date[ httpLog ]{"method":"POST","url":"/login","data":{"name":"admin","pwd":"admin"},"startTime":"2021-08-02 23:55:07","endTime":"2021-08-02 23:55:07","timeLength":1}
Invalid Date[ httpLog ]{"method":"GET","url":"/user","data":{},"startTime":"2021-08-02 23:55:07","endTime":"2021-08-02 23:55:07","timeLength":4}
Invalid Date[ httpLog ]{"method":"GET","url":"/user/lists","data":{},"startTime":"2021-08-02 23:55:11","endTime":"2021-08-02 23:55:11","timeLength":1}
Invalid Date[ httpLog ]{"method":"GET","url":"/user/lists","data":{},"startTime":"2021-08-02 23:55:37","endTime":"2021-08-02 23:55:37","timeLength":7}
Invalid Date[ httpLog ]{"method":"GET","url":"/user","data":{},"startTime":"2021-08-03 00:00:13","endTime":"2021-08-03 00:00:13","timeLength":21}
Invalid Date[ httpLog ]{"method":"POST","url":"/login","data":{"name":"admin","pwd":"admin"},"startTime":"2021-08-03 00:00:15","endTime":"2021-08-03 00:00:15","timeLength":2}
Invalid Date[ httpLog ]{"method":"GET","url":"/user","data":{},"startTime":"2021-08-03 00:00:15","endTime":"2021-08-03 00:00:15","timeLength":3}
Invalid Date[ httpLog ]{"method":"GET","url":"/user/details2/1","data":{},"startTime":"2021-08-03 00:00:18","endTime":"2021-08-03 00:00:18","timeLength":7}
Invalid Date[ httpLog ]{"method":"GET","url":"/user/details2/3","data":{},"startTime":"2021-08-03 00:00:21","endTime":"2021-08-03 00:00:21","timeLength":2}
Invalid Date[ httpLog ]{"method":"POST","url":"/user/add","data":{"name":"huangjunyang","pwd":"123456"},"startTime":"2021-08-03 00:06:43","endTime":"2021-08-03 00:06:43","timeLength":13}
Invalid Date[ httpLog ]{"method":"GET","url":"/user/lists","data":{},"startTime":"2021-08-03 00:06:50","endTime":"2021-08-03 00:06:50","timeLength":6}
Invalid Date[ httpLog ]{"method":"POST","url":"/user/add","data":{"id":1,"name":"user1","pwd":"123456"},"startTime":"2021-08-03 00:12:31","endTime":"2021-08-03 00:12:31","timeLength":18}
Invalid Date[ httpLog ]{"method":"GET","url":"/user/lists","data":{},"startTime":"2021-08-03 00:12:38","endTime":"2021-08-03 00:12:38","timeLength":3}
Invalid Date[ httpLog ]{"method":"GET","url":"/user/lists","data":{},"startTime":"2021-08-03 00:12:39","endTime":"2021-08-03 00:12:39","timeLength":2}
Invalid Date[ httpLog ]{"method":"GET","url":"/user/lists","data":{},"startTime":"2021-08-03 00:12:41","endTime":"2021-08-03 00:12:41","timeLength":3}
Invalid Date[ httpLog ]{"method":"POST","url":"/user/add","data":{"name":"user1","pwd":"123456"},"startTime":"2021-08-03 00:13:24","endTime":"2021-08-03 00:13:24","timeLength":5}
Invalid Date[ httpLog ]{"method":"POST","url":"/user/edit","data":{"id":1,"name":"user1","pwd":"123456"},"startTime":"2021-08-03 00:13:35","endTime":"2021-08-03 00:13:35","timeLength":0}
Invalid Date[ httpLog ]{"method":"PUT","url":"/user/edit","data":{"id":1,"name":"user1","pwd":"123456"},"startTime":"2021-08-03 00:13:40","endTime":"2021-08-03 00:13:40","timeLength":1}
Invalid Date[ httpLog ]{"method":"GET","url":"/user/lists","data":{},"startTime":"2021-08-03 00:13:45","endTime":"2021-08-03 00:13:45","timeLength":3}
Invalid Date[ httpLog ]{"method":"DELETE","url":"/user/delete","data":{"id":1},"startTime":"2021-08-03 00:16:13","endTime":"2021-08-03 00:16:13","timeLength":5}
Invalid Date[ httpLog ]{"method":"GET","url":"/user/lists","data":{},"startTime":"2021-08-03 00:16:17","endTime":"2021-08-03 00:16:17","timeLength":3}
Invalid Date[ httpLog ]{"method":"DELETE","url":"/user/delete","data":{"id":1},"startTime":"2021-08-03 00:16:37","endTime":"2021-08-03 00:16:37","timeLength":1}
Invalid Date[ httpLog ]{"method":"DELETE","url":"/user/delete","data":{"id":1},"startTime":"2021-08-03 00:17:13","endTime":"2021-08-03 00:17:13","timeLength":4}
Invalid Date[ httpLog ]{"method":"GET","url":"/user","data":{},"startTime":"2021-08-03 11:04:00","endTime":"2021-08-03 11:04:00","timeLength":64}
Invalid Date[ httpLog ]{"method":"POST","url":"/login","data":{"name":"admin","pwd":"admin"},"startTime":"2021-08-03 11:04:02","endTime":"2021-08-03 11:04:02","timeLength":1}
Invalid Date[ httpLog ]{"method":"GET","url":"/user","data":{},"startTime":"2021-08-03 11:04:02","endTime":"2021-08-03 11:04:02","timeLength":3}
Invalid Date[ httpLog ]{"method":"GET","url":"/user","data":{},"startTime":"2021-08-03 11:05:32","endTime":"2021-08-03 11:05:32","timeLength":16}
Invalid Date[ httpLog ]{"method":"GET","url":"/user","data":{},"startTime":"2021-08-03 11:15:37","endTime":"2021-08-03 11:15:37","timeLength":23}
Invalid Date[ httpLog ]{"method":"POST","url":"/login","data":{"name":"admin","pwd":"admin"},"startTime":"2021-08-03 11:15:39","endTime":"2021-08-03 11:15:39","timeLength":1}
Invalid Date[ httpLog ]{"method":"GET","url":"/user","data":{},"startTime":"2021-08-03 11:15:39","endTime":"2021-08-03 11:15:39","timeLength":5}
Invalid Date[ httpLog ]{"method":"GET","url":"/","data":{},"startTime":"2021-08-03 11:26:16","endTime":"2021-08-03 11:26:16","timeLength":3}
Invalid Date[ httpLog ]{"method":"GET","url":"/user","data":{},"startTime":"2021-08-03 11:26:21","endTime":"2021-08-03 11:26:21","timeLength":16}
Invalid Date[ httpLog ]{"method":"GET","url":"/users","data":{},"startTime":"2021-08-03 11:26:23","endTime":"2021-08-03 11:26:23","timeLength":0}
Invalid Date[ httpLog ]{"method":"GET","url":"/users/lists","data":{},"startTime":"2021-08-03 11:26:26","endTime":"2021-08-03 11:26:26","timeLength":1}
Invalid Date[ httpLog ]{"method":"POST","url":"/login","data":{"name":"admin","pwd":"admin"},"startTime":"2021-08-03 11:26:30","endTime":"2021-08-03 11:26:30","timeLength":1}
Invalid Date[ httpLog ]{"method":"GET","url":"/user","data":{},"startTime":"2021-08-03 11:26:30","endTime":"2021-08-03 11:26:30","timeLength":4}
Invalid Date[ httpLog ]{"method":"GET","url":"/user/lists","data":{},"startTime":"2021-08-03 11:27:03","endTime":"2021-08-03 11:27:03","timeLength":4}
Invalid Date[ httpLog ]{"method":"GET","url":"/user/lists","data":{},"startTime":"2021-08-03 11:27:38","endTime":"2021-08-03 11:27:38","timeLength":4}
Invalid Date[ httpLog ]{"method":"GET","url":"/user/lists","data":{},"startTime":"2021-08-03 11:27:39","endTime":"2021-08-03 11:27:39","timeLength":0}
Invalid Date[ httpLog ]{"method":"GET","url":"/user/lists","data":{},"startTime":"2021-08-03 11:27:40","endTime":"2021-08-03 11:27:40","timeLength":1}
Invalid Date[ httpLog ]{"method":"GET","url":"/user/lists","data":{},"startTime":"2021-08-03 11:27:53","endTime":"2021-08-03 11:27:53","timeLength":5}
Invalid Date[ httpLog ]{"method":"GET","url":"/user","data":{},"startTime":"2021-08-03 11:35:39","endTime":"2021-08-03 11:35:39","timeLength":14}
Invalid Date[ httpLog ]{"method":"POST","url":"/login","data":{"name":"admin","pwd":"admin"},"startTime":"2021-08-03 11:35:40","endTime":"2021-08-03 11:35:40","timeLength":1}
Invalid Date[ httpLog ]{"method":"GET","url":"/user","data":{},"startTime":"2021-08-03 11:35:40","endTime":"2021-08-03 11:35:40","timeLength":6}
Invalid Date[ httpLog ]{"method":"GET","url":"/user/lists","data":{},"startTime":"2021-08-03 11:37:12","endTime":"2021-08-03 11:37:12","timeLength":19}
Invalid Date[ httpLog ]{"method":"GET","url":"/user/lists","data":{},"startTime":"2021-08-03 11:37:28","endTime":"2021-08-03 11:37:28","timeLength":13}
Invalid Date[ httpLog ]{"method":"GET","url":"/user/lists","data":{},"startTime":"2021-08-03 11:49:55","endTime":"2021-08-03 11:49:55","timeLength":30}
Invalid Date[ httpLog ]{"method":"GET","url":"/user/lists","data":{},"startTime":"2021-08-03 11:50:01","endTime":"2021-08-03 11:50:01","timeLength":16}
Invalid Date[ httpLog ]{"method":"GET","url":"/user/lists","data":{},"startTime":"2021-08-03 11:51:01","endTime":"2021-08-03 11:51:01","timeLength":13}
Invalid Date[ httpLog ]{"method":"GET","url":"/user/lists","data":{},"startTime":"2021-08-03 11:51:03","endTime":"2021-08-03 11:51:03","timeLength":2}
Invalid Date[ httpLog ]{"method":"GET","url":"/user/lists","data":{},"startTime":"2021-08-03 11:51:06","endTime":"2021-08-03 11:51:06","timeLength":3}
Invalid Date[ httpLog ]{"method":"GET","url":"/user/lists","data":{},"startTime":"2021-08-03 11:51:13","endTime":"2021-08-03 11:51:13","timeLength":14}
Invalid Date[ httpLog ]{"method":"GET","url":"/user/details?id=1","data":{},"startTime":"2021-08-03 11:57:04","endTime":"2021-08-03 11:57:04","timeLength":16}
Invalid Date[ httpLog ]{"method":"GET","url":"/user/details?id=1","data":{},"startTime":"2021-08-03 11:57:06","endTime":"2021-08-03 11:57:06","timeLength":4}
Invalid Date[ httpLog ]{"method":"GET","url":"/user/details?id=1","data":{},"startTime":"2021-08-03 11:57:10","endTime":"2021-08-03 11:57:10","timeLength":5}
Invalid Date[ httpLog ]{"method":"GET","url":"/user/details?id=1","data":{},"startTime":"2021-08-03 11:57:18","endTime":"2021-08-03 11:57:18","timeLength":14}
Invalid Date[ httpLog ]{"method":"GET","url":"/user/details?id=1","data":{},"startTime":"2021-08-03 11:57:19","endTime":"2021-08-03 11:57:19","timeLength":4}
Invalid Date[ httpLog ]{"method":"GET","url":"/user/details?id=11","data":{},"startTime":"2021-08-03 11:57:27","endTime":"2021-08-03 11:57:27","timeLength":4}
Invalid Date[ httpLog ]{"method":"GET","url":"/user/details?id=1","data":{},"startTime":"2021-08-03 11:57:29","endTime":"2021-08-03 11:57:29","timeLength":2}
Invalid Date[ httpLog ]{"method":"GET","url":"/user/details?id=1","data":{},"startTime":"2021-08-03 11:57:31","endTime":"2021-08-03 11:57:31","timeLength":3}
Invalid Date[ httpLog ]{"method":"GET","url":"/user/details?id=1","data":{},"startTime":"2021-08-03 11:57:53","endTime":"2021-08-03 11:57:53","timeLength":14}
Invalid Date[ httpLog ]{"method":"GET","url":"/user/details?id=1","data":{},"startTime":"2021-08-03 11:57:54","endTime":"2021-08-03 11:57:54","timeLength":3}
Invalid Date[ httpLog ]{"method":"GET","url":"/user/details?id=3","data":{},"startTime":"2021-08-03 11:57:56","endTime":"2021-08-03 11:57:56","timeLength":13}
Invalid Date[ httpLog ]{"method":"PUT","url":"/user/edit","data":{"id":1,"name":"user1","pwd":"123456"},"startTime":"2021-08-03 12:41:27","endTime":"2021-08-03 12:41:27","timeLength":34}
Invalid Date[ httpLog ]{"method":"GET","url":"/user/lists","data":{},"startTime":"2021-08-03 12:41:43","endTime":"2021-08-03 12:41:43","timeLength":9}
Invalid Date[ httpLog ]{"method":"PUT","url":"/user/edit","data":{"id":3,"name":"user1","pwd":"123456"},"startTime":"2021-08-03 12:44:16","endTime":"2021-08-03 12:44:16","timeLength":89}
Invalid Date[ httpLog ]{"method":"GET","url":"/user/lists","data":{},"startTime":"2021-08-03 12:44:22","endTime":"2021-08-03 12:44:22","timeLength":4}
Invalid Date[ httpLog ]{"method":"GET","url":"/user/lists","data":{},"startTime":"2021-08-03 12:47:24","endTime":"2021-08-03 12:47:24","timeLength":10}
Invalid Date[ httpLog ]{"method":"GET","url":"/user/lists","data":{},"startTime":"2021-08-03 12:47:40","endTime":"2021-08-03 12:47:40","timeLength":17}
Invalid Date[ httpLog ]{"method":"GET","url":"/user","data":{},"startTime":"2021-08-03 12:47:45","endTime":"2021-08-03 12:47:45","timeLength":25}
Invalid Date[ httpLog ]{"method":"POST","url":"/login","data":{"name":"admin","pwd":"admin"},"startTime":"2021-08-03 12:47:47","endTime":"2021-08-03 12:47:47","timeLength":1}
Invalid Date[ httpLog ]{"method":"GET","url":"/user","data":{},"startTime":"2021-08-03 12:47:47","endTime":"2021-08-03 12:47:47","timeLength":7}
Invalid Date[ httpLog ]{"method":"GET","url":"/user/lists","data":{},"startTime":"2021-08-03 12:47:49","endTime":"2021-08-03 12:47:49","timeLength":42}
Invalid Date[ httpLog ]{"method":"DELETE","url":"/user/delete","data":{"id":1},"startTime":"2021-08-03 12:48:03","endTime":"2021-08-03 12:48:03","timeLength":9}
Invalid Date[ httpLog ]{"method":"DELETE","url":"/user/delete","data":{"id":3},"startTime":"2021-08-03 12:48:09","endTime":"2021-08-03 12:48:09","timeLength":3}
Invalid Date[ httpLog ]{"method":"GET","url":"/user/lists","data":{},"startTime":"2021-08-03 12:48:14","endTime":"2021-08-03 12:48:14","timeLength":7}
Invalid Date[ httpLog ]{"method":"GET","url":"/user/lists","data":{},"startTime":"2021-08-03 12:48:29","endTime":"2021-08-03 12:48:29","timeLength":7}
Invalid Date[ httpLog ]{"method":"GET","url":"/user/lists","data":{},"startTime":"2021-08-03 12:48:30","endTime":"2021-08-03 12:48:30","timeLength":10}
Invalid Date[ httpLog ]{"method":"GET","url":"/","data":{},"startTime":"2021-08-10 23:10:43","endTime":"2021-08-10 23:10:43","timeLength":13}
Invalid Date[ httpLog ]{"method":"GET","url":"/","data":{},"startTime":"2021-08-11 09:32:38","endTime":"2021-08-11 09:32:38","timeLength":1}
Invalid Date[ httpLog ]{"method":"DELETE","url":"/user/delete","data":{"id":3},"startTime":"2021-08-11 10:22:55","endTime":"2021-08-11 10:22:55","timeLength":69}
Invalid Date[ httpLog ]{"method":"POST","url":"/api/user/registry","data":{"username":"hh"},"startTime":"2021-08-11 10:23:50","endTime":"2021-08-11 10:23:50","timeLength":2}
Invalid Date[ httpLog ]{"method":"POST","url":"/api/user/registry","data":{"username":"hh"},"startTime":"2021-08-11 10:38:23","endTime":"2021-08-11 10:38:23","timeLength":3}
Invalid Date[ httpLog ]{"method":"POST","url":"/api/user/registry","data":{"username":"hh","password":"1234"},"startTime":"2021-08-11 10:38:38","endTime":"2021-08-11 10:38:38","timeLength":2}
Invalid Date[ httpLog ]{"method":"POST","url":"/api/user/registry","data":{"username":"hh","password":"1234"},"startTime":"2021-08-11 10:59:25","endTime":"2021-08-11 10:59:25","timeLength":59}
Invalid Date[ httpLog ]{"method":"POST","url":"/api/user/registry","data":{"username":"hh","password":"1234"},"startTime":"2021-08-11 12:22:09","endTime":"2021-08-11 12:22:10","timeLength":54}
Invalid Date[ httpLog ]{"method":"POST","url":"/api/user/registry","data":{"username":"hh","password":"1234"},"startTime":"2021-08-11 12:22:13","endTime":"2021-08-11 12:22:13","timeLength":11}
Invalid Date[ httpLog ]{"method":"POST","url":"/api/user/registry","data":{"username":"hh","password":"1234"},"startTime":"2021-08-11 12:22:50","endTime":"2021-08-11 12:22:50","timeLength":11}
Invalid Date[ httpLog ]{"method":"POST","url":"/api/user/registry","data":{"username":"hh1","password":"1234"},"startTime":"2021-08-11 12:23:57","endTime":"2021-08-11 12:23:57","timeLength":31}
Invalid Date[ httpLog ]{"method":"POST","url":"/api/user/registry","data":{"username":"hh1","password":"1234"},"startTime":"2021-08-11 12:26:56","endTime":"2021-08-11 12:26:56","timeLength":12}
Invalid Date[ httpLog ]{"method":"POST","url":"/api/user/registry","data":{"username":"hh2","password":"1234"},"startTime":"2021-08-11 12:27:00","endTime":"2021-08-11 12:27:00","timeLength":27}
Invalid Date[ httpLog ]{"method":"POST","url":"/api/user/registry","data":{"username":"hh2","password":"1234"},"startTime":"2021-08-11 12:30:21","endTime":"2021-08-11 12:30:21","timeLength":11}
Invalid Date[ httpLog ]{"method":"POST","url":"/api/user/registry","data":{"username":"hh3","password":"1234"},"startTime":"2021-08-11 12:30:26","endTime":"2021-08-11 12:30:26","timeLength":32}
Invalid Date[ httpLog ]{"method":"POST","url":"/api/user/registry","data":{"username":"hh4","password":"1234"},"startTime":"2021-08-11 12:30:53","endTime":"2021-08-11 12:30:53","timeLength":22}
Invalid Date[ httpLog ]{"method":"POST","url":"/api/user/registry","data":{"username":"hh4","password":"1234"},"startTime":"2021-08-11 12:32:25","endTime":"2021-08-11 12:32:25","timeLength":13}
Invalid Date[ httpLog ]{"method":"POST","url":"/api/user/registry","data":{"username":"hh5","password":"1234"},"startTime":"2021-08-11 12:32:31","endTime":"2021-08-11 12:32:31","timeLength":16}
Invalid Date[ httpLog ]{"method":"POST","url":"/api/user/login","data":{"username":"hh5","password":"1234"},"startTime":"2021-08-11 14:50:27","endTime":"2021-08-11 14:50:27","timeLength":28}
Invalid Date[ httpLog ]{"method":"POST","url":"/api/user/login","data":{"username":"hh0","password":"1234"},"startTime":"2021-08-11 14:50:36","endTime":"2021-08-11 14:50:36","timeLength":4}
Invalid Date[ httpLog ]{"method":"POST","url":"/api/user/login","data":{"username":"hh5","password":"1234"},"startTime":"2021-08-11 14:50:42","endTime":"2021-08-11 14:50:42","timeLength":10}
Invalid Date[ httpLog ]{"method":"POST","url":"/api/user/login","data":{"username":"hh5","password":"1234"},"startTime":"2021-08-11 14:51:08","endTime":"2021-08-11 14:51:08","timeLength":8}
Invalid Date[ httpLog ]{"method":"POST","url":"/api/user/login","data":{"username":"hh5","password":"1234"},"startTime":"2021-08-11 16:10:26","endTime":"2021-08-11 16:10:26","timeLength":66}
Invalid Date[ httpLog ]{"method":"POST","url":"/api/user/login","data":{"username":"hh5","password":"1234"},"startTime":"2021-08-11 16:11:00","endTime":"2021-08-11 16:11:00","timeLength":17}
Invalid Date[ httpLog ]{"method":"POST","url":"/api/user/login","data":{"username":"hh5","password":"1234"},"startTime":"2021-08-11 21:52:10","endTime":"2021-08-11 21:52:10","timeLength":24}
Invalid Date[ httpLog ]{"method":"POST","url":"/api/user/login","data":{"username":"hh5","password":"1234"},"startTime":"2021-08-11 22:07:46","endTime":"2021-08-11 22:07:46","timeLength":15}
Invalid Date[ httpLog ]{"method":"POST","url":"/api/user/registry","data":{"username":"hh5","password":"1234"},"startTime":"2021-08-11 22:14:21","endTime":"2021-08-11 22:14:21","timeLength":13}
Invalid Date[ httpLog ]{"method":"POST","url":"/api/user/registry","data":{"username":"hh15","password":"1234"},"startTime":"2021-08-11 22:14:27","endTime":"2021-08-11 22:14:27","timeLength":16}
Invalid Date[ httpLog ]{"method":"POST","url":"/api/user/registry","data":{"username":"hh15","password":"1234"},"startTime":"2021-08-11 22:15:40","endTime":"2021-08-11 22:15:40","timeLength":13}
Invalid Date[ httpLog ]{"method":"POST","url":"/api/user/registry","data":{"username":"hh16","password":"1234"},"startTime":"2021-08-11 22:15:46","endTime":"2021-08-11 22:15:46","timeLength":14}
Invalid Date[ httpLog ]{"method":"GET","url":"/user","data":{},"startTime":"2021-08-18 11:47:11","endTime":"2021-08-18 11:47:11","timeLength":2}
Invalid Date[ httpLog ]{"method":"GET","url":"/","data":{},"startTime":"2021-08-18 11:47:14","endTime":"2021-08-18 11:47:14","timeLength":0}
Invalid Date[ httpLog ]{"method":"POST","url":"/api/user/registry","data":{"username":"hh16","password":"1234"},"startTime":"2021-08-18 11:47:24","endTime":"2021-08-18 11:47:24","timeLength":104}
Invalid Date[ httpLog ]{"method":"POST","url":"/api/user/login","data":{"username":"hh16","password":"1234"},"startTime":"2021-08-18 11:48:28","endTime":"2021-08-18 11:48:28","timeLength":30}
Invalid Date[ httpLog ]{"method":"POST","url":"/api/user/login","data":{"username":"hh16","password":"1234"},"startTime":"2021-08-18 11:48:49","endTime":"2021-08-18 11:48:49","timeLength":10}
Invalid Date[ httpLog ]{"method":"POST","url":"/api/user/lregistry","data":{"username":"hh16","password":"1234"},"startTime":"2021-08-18 11:50:44","endTime":"2021-08-18 11:50:44","timeLength":0}
Invalid Date[ httpLog ]{"method":"POST","url":"/api/user/lregistry","data":{"username":"hh16","password":"1234"},"startTime":"2021-08-18 11:50:45","endTime":"2021-08-18 11:50:45","timeLength":2}
Invalid Date[ httpLog ]{"method":"POST","url":"/api/user/registry","data":{"username":"hh16","password":"1234"},"startTime":"2021-08-18 11:50:50","endTime":"2021-08-18 11:50:50","timeLength":36}
Invalid Date[ httpLog ]{"method":"POST","url":"/api/user/registry","data":{"username":"hh1000","password":"1234"},"startTime":"2021-08-18 11:50:57","endTime":"2021-08-18 11:50:57","timeLength":68}
Invalid Date[ httpLog ]{"method":"POST","url":"/api/user/registry","data":{"username":"hh1000","password":"1234"},"startTime":"2021-08-18 11:51:01","endTime":"2021-08-18 11:51:01","timeLength":4}
Invalid Date[ httpLog ]{"method":"POST","url":"/api/user/registry","data":{"username":"hh1000","password":"1234"},"startTime":"2021-08-18 12:13:10","endTime":"2021-08-18 12:13:10","timeLength":22}
Invalid Date[ httpLog ]{"method":"POST","url":"/api/user/login","data":{"username":"hh16","password":"1234"},"startTime":"2021-08-18 12:13:18","endTime":"2021-08-18 12:13:18","timeLength":14}
Invalid Date[ httpLog ]{"method":"GET","url":"/api/user/detail","data":{"username":"hh16"},"startTime":"2021-08-18 12:14:33","endTime":"2021-08-18 12:14:33","timeLength":1}
Invalid Date[ httpLog ]{"method":"GET","url":"/api/user/detail","data":{"username":"hh16"},"startTime":"2021-08-18 12:14:39","endTime":"2021-08-18 12:14:39","timeLength":0}
Invalid Date[ httpLog ]{"method":"POST","url":"/api/user/detail","data":{"username":"hh16"},"startTime":"2021-08-18 12:15:19","endTime":"2021-08-18 12:15:19","timeLength":20}
Invalid Date[ httpLog ]{"method":"GET","url":"/","data":{},"startTime":"2021-08-21 23:19:00","endTime":"2021-08-21 23:19:00","timeLength":2}
Invalid Date[ httpLog ]{"method":"GET","url":"/","data":{},"startTime":"2021-08-22 22:52:52","endTime":"2021-08-22 22:52:52","timeLength":1}
Invalid Date[ httpLog ]{"method":"POST","url":"/api/user/detail","data":{"username":"hh16"},"startTime":"2021-08-22 22:53:10","endTime":"2021-08-22 22:53:10","timeLength":55}
Invalid Date[ httpLog ]{"method":"GET","url":"/","data":{},"startTime":"2021-08-24 23:47:12","endTime":"2021-08-24 23:47:12","timeLength":6}
Invalid Date[ httpLog ]{"method":"GET","url":"/","data":{},"startTime":"2021-08-25 09:48:27","endTime":"2021-08-25 09:48:27","timeLength":3}
